DEBUG:root:-->call function main
DEBUG:root:---->call function __init__
DEBUG:root:<----exit function __init__
DEBUG:root:---->call function meth
DEBUG:root:<----exit function meth
DEBUG:root:---->call function send_query
DEBUG:root:------>call function dumps
DEBUG:root:-------->call function encode
DEBUG:root:---------->call function iterencode
DEBUG:root:<----------exit function iterencode
DEBUG:root:<--------exit function encode
DEBUG:root:<------exit function dumps
DEBUG:root:------>call function search_function
DEBUG:root:-------->call function normalize_encoding
DEBUG:root:<--------exit function normalize_encoding
DEBUG:root:-------->call function getregentry
DEBUG:root:---------->call function __new__
DEBUG:root:<----------exit function __new__
DEBUG:root:<--------exit function getregentry
DEBUG:root:<------exit function search_function
DEBUG:root:------>call function decode
DEBUG:root:<------exit function decode
DEBUG:root:------>call function decode
DEBUG:root:<------exit function decode
DEBUG:root:------>call function decode
DEBUG:root:<------exit function decode
DEBUG:root:------>call function loads
DEBUG:root:-------->call function decode
DEBUG:root:---------->call function raw_decode
DEBUG:root:<----------exit function raw_decode
DEBUG:root:<--------exit function decode
DEBUG:root:<------exit function loads
DEBUG:root:<----exit function send_query
DEBUG:root:<--exit function main
DEBUG:root:-->call function _exitfunc
DEBUG:root:---->call function __stop
DEBUG:root:------>call function notifyAll
DEBUG:root:-------->call function notify
DEBUG:root:---------->call function _is_owned
DEBUG:root:<----------exit function _is_owned
DEBUG:root:---------->call function _note
DEBUG:root:<----------exit function _note
DEBUG:root:<--------exit function notify
DEBUG:root:<------exit function notifyAll
DEBUG:root:<----exit function __stop
DEBUG:root:---->call function _pickSomeNonDaemonThread
DEBUG:root:------>call function enumerate
DEBUG:root:<------exit function enumerate
DEBUG:root:------>call function daemon
DEBUG:root:<------exit function daemon
DEBUG:root:------>call function isAlive
DEBUG:root:-------->call function isSet
DEBUG:root:<--------exit function isSet
DEBUG:root:<------exit function isAlive
DEBUG:root:<----exit function _pickSomeNonDaemonThread
DEBUG:root:---->call function _note
DEBUG:root:<----exit function _note
DEBUG:root:---->call function __delete
DEBUG:root:<----exit function __delete
DEBUG:root:<--exit function _exitfunc
DEBUG:root:-->call function _run_exitfuncs
DEBUG:root:---->call function shutdown
DEBUG:root:------>call function acquire
DEBUG:root:-------->call function acquire
DEBUG:root:---------->call function _note
DEBUG:root:<----------exit function _note
DEBUG:root:<--------exit function acquire
DEBUG:root:<------exit function acquire
DEBUG:root:------>call function flush
DEBUG:root:<------exit function flush
DEBUG:root:------>call function close
DEBUG:root:-------->call function flush
DEBUG:root:<--------exit function flush
DEBUG:root:<------exit function close
DEBUG:root:------>call function release
DEBUG:root:-------->call function release
DEBUG:root:---------->call function _note
DEBUG:root:<----------exit function _note
DEBUG:root:<--------exit function release
DEBUG:root:<------exit function release
DEBUG:root:<----exit function shutdown
DEBUG:root:<--exit function _run_exitfuncs
DEBUG:root:-->call function main
DEBUG:root:---->call function __init__
DEBUG:root:<----exit function __init__
DEBUG:root:---->call function meth
DEBUG:root:<----exit function meth
DEBUG:root:---->call function send_query
DEBUG:root:------>call function dumps
DEBUG:root:-------->call function encode
DEBUG:root:---------->call function iterencode
DEBUG:root:<----------exit function iterencode
DEBUG:root:<--------exit function encode
DEBUG:root:<------exit function dumps
DEBUG:root:------>call function search_function
DEBUG:root:-------->call function normalize_encoding
DEBUG:root:<--------exit function normalize_encoding
DEBUG:root:-------->call function getregentry
DEBUG:root:---------->call function __new__
DEBUG:root:<----------exit function __new__
DEBUG:root:<--------exit function getregentry
DEBUG:root:<------exit function search_function
DEBUG:root:------>call function decode
DEBUG:root:<------exit function decode
DEBUG:root:------>call function decode
DEBUG:root:<------exit function decode
DEBUG:root:------>call function decode
DEBUG:root:<------exit function decode
DEBUG:root:------>call function loads
DEBUG:root:-------->call function decode
DEBUG:root:---------->call function raw_decode
DEBUG:root:<----------exit function raw_decode
DEBUG:root:<--------exit function decode
DEBUG:root:<------exit function loads
DEBUG:root:<----exit function send_query
DEBUG:root:<--exit function main
DEBUG:root:-->call function _exitfunc
DEBUG:root:---->call function __stop
DEBUG:root:------>call function notifyAll
DEBUG:root:-------->call function notify
DEBUG:root:---------->call function _is_owned
DEBUG:root:<----------exit function _is_owned
DEBUG:root:---------->call function _note
DEBUG:root:<----------exit function _note
DEBUG:root:<--------exit function notify
DEBUG:root:<------exit function notifyAll
DEBUG:root:<----exit function __stop
DEBUG:root:---->call function _pickSomeNonDaemonThread
DEBUG:root:------>call function enumerate
DEBUG:root:<------exit function enumerate
DEBUG:root:------>call function daemon
DEBUG:root:<------exit function daemon
DEBUG:root:------>call function isAlive
DEBUG:root:-------->call function isSet
DEBUG:root:<--------exit function isSet
DEBUG:root:<------exit function isAlive
DEBUG:root:<----exit function _pickSomeNonDaemonThread
DEBUG:root:---->call function _note
DEBUG:root:<----exit function _note
DEBUG:root:---->call function __delete
DEBUG:root:<----exit function __delete
DEBUG:root:<--exit function _exitfunc
DEBUG:root:-->call function _run_exitfuncs
DEBUG:root:---->call function shutdown
DEBUG:root:------>call function acquire
DEBUG:root:-------->call function acquire
DEBUG:root:---------->call function _note
DEBUG:root:<----------exit function _note
DEBUG:root:<--------exit function acquire
DEBUG:root:<------exit function acquire
DEBUG:root:------>call function flush
DEBUG:root:<------exit function flush
DEBUG:root:------>call function close
DEBUG:root:-------->call function flush
DEBUG:root:<--------exit function flush
DEBUG:root:<------exit function close
DEBUG:root:------>call function release
DEBUG:root:-------->call function release
DEBUG:root:---------->call function _note
DEBUG:root:<----------exit function _note
DEBUG:root:<--------exit function release
DEBUG:root:<------exit function release
DEBUG:root:<----exit function shutdown
DEBUG:root:<--exit function _run_exitfuncs
DEBUG:root:-->call function main
DEBUG:root:---->call function __init__
DEBUG:root:<----exit function __init__
DEBUG:root:---->call function meth
DEBUG:root:<----exit function meth
DEBUG:root:---->call function send_query
DEBUG:root:------>call function dumps
DEBUG:root:-------->call function encode
DEBUG:root:---------->call function iterencode
DEBUG:root:<----------exit function iterencode
DEBUG:root:<--------exit function encode
DEBUG:root:<------exit function dumps
DEBUG:root:------>call function search_function
DEBUG:root:-------->call function normalize_encoding
DEBUG:root:<--------exit function normalize_encoding
DEBUG:root:-------->call function getregentry
DEBUG:root:---------->call function __new__
DEBUG:root:<----------exit function __new__
DEBUG:root:<--------exit function getregentry
DEBUG:root:<------exit function search_function
DEBUG:root:------>call function decode
DEBUG:root:<------exit function decode
DEBUG:root:------>call function decode
DEBUG:root:<------exit function decode
DEBUG:root:------>call function decode
DEBUG:root:<------exit function decode
DEBUG:root:------>call function loads
DEBUG:root:-------->call function decode
DEBUG:root:---------->call function raw_decode
DEBUG:root:<----------exit function raw_decode
DEBUG:root:<--------exit function decode
DEBUG:root:<------exit function loads
DEBUG:root:<----exit function send_query
DEBUG:root:<--exit function main
DEBUG:root:-->call function _exitfunc
DEBUG:root:---->call function __stop
DEBUG:root:------>call function notifyAll
DEBUG:root:-------->call function notify
DEBUG:root:---------->call function _is_owned
DEBUG:root:<----------exit function _is_owned
DEBUG:root:---------->call function _note
DEBUG:root:<----------exit function _note
DEBUG:root:<--------exit function notify
DEBUG:root:<------exit function notifyAll
DEBUG:root:<----exit function __stop
DEBUG:root:---->call function _pickSomeNonDaemonThread
DEBUG:root:------>call function enumerate
DEBUG:root:<------exit function enumerate
DEBUG:root:------>call function daemon
DEBUG:root:<------exit function daemon
DEBUG:root:------>call function isAlive
DEBUG:root:-------->call function isSet
DEBUG:root:<--------exit function isSet
DEBUG:root:<------exit function isAlive
DEBUG:root:<----exit function _pickSomeNonDaemonThread
DEBUG:root:---->call function _note
DEBUG:root:<----exit function _note
DEBUG:root:---->call function __delete
DEBUG:root:<----exit function __delete
DEBUG:root:<--exit function _exitfunc
DEBUG:root:-->call function _run_exitfuncs
DEBUG:root:---->call function shutdown
DEBUG:root:------>call function acquire
DEBUG:root:-------->call function acquire
DEBUG:root:---------->call function _note
DEBUG:root:<----------exit function _note
DEBUG:root:<--------exit function acquire
DEBUG:root:<------exit function acquire
DEBUG:root:------>call function flush
DEBUG:root:<------exit function flush
DEBUG:root:------>call function close
DEBUG:root:-------->call function flush
DEBUG:root:<--------exit function flush
DEBUG:root:<------exit function close
DEBUG:root:------>call function release
DEBUG:root:-------->call function release
DEBUG:root:---------->call function _note
DEBUG:root:<----------exit function _note
DEBUG:root:<--------exit function release
DEBUG:root:<------exit function release
DEBUG:root:<----exit function shutdown
DEBUG:root:<--exit function _run_exitfuncs
